2024-06-21 11:32:04 weka.gui.GUIChooserApp main
INFO: Logging started
2024-06-21 11:32:06 weka.gui.GenericObjectEditor registerEditors
INFO: ---Registering Weka Editors---
2024-06-21 11:32:06 weka.experiment.DatabaseUtils initialize
WARNING: Trying to add database driver (JDBC): jdbc.idbDriver - Warning, not in CLASSPATH?
2024-06-21 11:32:06 weka.gui.beans.BeansProperties loadProperties
INFO: [KnowledgeFlow] Loading properties and plugins...
2024-06-21 11:32:06 weka.gui.beans.KnowledgeFlowApp init
INFO: [KnowledgeFlow] Initializing KF...
2024-06-21 11:32:17 weka.gui.explorer.Explorer <init>
INFO: Weka Explorer
2024-06-21 11:32:17 weka.gui.explorer.Explorer <init>
INFO: (c) 1999-2022 The University of Waikato, Hamilton, New Zealand
2024-06-21 11:32:17 weka.gui.explorer.Explorer <init>
INFO: web: https://www.cs.waikato.ac.nz/~ml/weka/
2024-06-21 11:32:17 weka.gui.explorer.Explorer <init>
INFO: Started on Friday, 21 June 2024
2024-06-21 11:32:22 weka.gui.explorer.Explorer <init>
INFO: Weka Explorer
2024-06-21 11:32:22 weka.gui.explorer.Explorer <init>
INFO: (c) 1999-2022 The University of Waikato, Hamilton, New Zealand
2024-06-21 11:32:22 weka.gui.explorer.Explorer <init>
INFO: web: https://www.cs.waikato.ac.nz/~ml/weka/
2024-06-21 11:32:22 weka.gui.explorer.Explorer <init>
INFO: Started on Friday, 21 June 2024
2024-06-21 11:32:45 weka.gui.explorer.PreprocessPanel$21 run
INFO: Base relation is now labor-neg-data (57 instances)
2024-06-21 11:33:02 weka.gui.explorer.AttributeSelectionPanel$10 run
INFO: Started weka.attributeSelection.CfsSubsetEval
2024-06-21 11:33:02 weka.gui.explorer.AttributeSelectionPanel$10 run
INFO: Command: weka.attributeSelection.CfsSubsetEval -s "weka.attributeSelection.BestFirst -D 1 -N 5" -P 1 -E 1
2024-06-21 11:33:02 weka.gui.explorer.AttributeSelectionPanel$10 run
INFO: Filter command: weka.filters.supervised.attribute.AttributeSelection -E "weka.attributeSelection.CfsSubsetEval -P 1 -E 1" -S "weka.attributeSelection.BestFirst -D 1 -N 5"
2024-06-21 11:33:02 weka.gui.explorer.AttributeSelectionPanel$10 run
INFO: Meta-classifier command: weka.classifiers.meta.AttributeSelectedClassifier -E "weka.attributeSelection.CfsSubsetEval -P 1 -E 1" -S "weka.attributeSelection.BestFirst -D 1 -N 5" -W weka.classifiers.trees.J48 -- -C 0.25 -M 2
2024-06-21 11:33:02 weka.gui.explorer.AttributeSelectionPanel$10 run
INFO: Finished weka.attributeSelection.CfsSubsetEval weka.attributeSelection.BestFirst
2024-06-21 11:33:14 weka.gui.explorer.AttributeSelectionPanel$10 run
INFO: Started weka.attributeSelection.InfoGainAttributeEval
2024-06-21 11:33:14 weka.gui.explorer.AttributeSelectionPanel$10 run
INFO: Command: weka.attributeSelection.InfoGainAttributeEval -s "weka.attributeSelection.Ranker -T -1.7976931348623157E308 -N -1"
2024-06-21 11:33:14 weka.gui.explorer.AttributeSelectionPanel$10 run
INFO: Filter command: weka.filters.supervised.attribute.AttributeSelection -E "weka.attributeSelection.InfoGainAttributeEval " -S "weka.attributeSelection.Ranker -T -1.7976931348623157E308 -N -1"
2024-06-21 11:33:14 weka.gui.explorer.AttributeSelectionPanel$10 run
INFO: Meta-classifier command: weka.classifiers.meta.AttributeSelectedClassifier -E "weka.attributeSelection.InfoGainAttributeEval " -S "weka.attributeSelection.Ranker -T -1.7976931348623157E308 -N -1" -W weka.classifiers.trees.J48 -- -C 0.25 -M 2
2024-06-21 11:33:14 weka.gui.explorer.AttributeSelectionPanel$10 run
INFO: Finished weka.attributeSelection.InfoGainAttributeEval weka.attributeSelection.Ranker
2024-06-21 11:34:43 weka.gui.explorer.Explorer <init>
INFO: Weka Explorer
2024-06-21 11:34:43 weka.gui.explorer.Explorer <init>
INFO: (c) 1999-2022 The University of Waikato, Hamilton, New Zealand
2024-06-21 11:34:43 weka.gui.explorer.Explorer <init>
INFO: web: https://www.cs.waikato.ac.nz/~ml/weka/
2024-06-21 11:34:43 weka.gui.explorer.Explorer <init>
INFO: Started on Friday, 21 June 2024
2024-06-21 11:34:45 weka.gui.explorer.Explorer <init>
INFO: Weka Explorer
2024-06-21 11:34:45 weka.gui.explorer.Explorer <init>
INFO: (c) 1999-2022 The University of Waikato, Hamilton, New Zealand
2024-06-21 11:34:45 weka.gui.explorer.Explorer <init>
INFO: web: https://www.cs.waikato.ac.nz/~ml/weka/
2024-06-21 11:34:45 weka.gui.explorer.Explorer <init>
INFO: Started on Friday, 21 June 2024
2024-06-21 11:35:21 weka.gui.explorer.PreprocessPanel$21 run
INFO: Base relation is now labor-neg-data (57 instances)
2024-06-21 11:35:36 weka.gui.explorer.AttributeSelectionPanel$10 run
INFO: Started weka.attributeSelection.CfsSubsetEval
2024-06-21 11:35:36 weka.gui.explorer.AttributeSelectionPanel$10 run
INFO: Command: weka.attributeSelection.CfsSubsetEval -s "weka.attributeSelection.BestFirst -D 1 -N 5" -P 1 -E 1
2024-06-21 11:35:36 weka.gui.explorer.AttributeSelectionPanel$10 run
INFO: Filter command: weka.filters.supervised.attribute.AttributeSelection -E "weka.attributeSelection.CfsSubsetEval -P 1 -E 1" -S "weka.attributeSelection.BestFirst -D 1 -N 5"
2024-06-21 11:35:36 weka.gui.explorer.AttributeSelectionPanel$10 run
INFO: Meta-classifier command: weka.classifiers.meta.AttributeSelectedClassifier -E "weka.attributeSelection.CfsSubsetEval -P 1 -E 1" -S "weka.attributeSelection.BestFirst -D 1 -N 5" -W weka.classifiers.trees.J48 -- -C 0.25 -M 2
2024-06-21 11:35:36 weka.gui.explorer.AttributeSelectionPanel$10 run
INFO: Finished weka.attributeSelection.CfsSubsetEval weka.attributeSelection.BestFirst
2024-06-21 11:37:11 weka.gui.explorer.AttributeSelectionPanel$10 run
INFO: Started weka.attributeSelection.CfsSubsetEval
2024-06-21 11:37:11 weka.gui.explorer.AttributeSelectionPanel$10 run
INFO: Command: weka.attributeSelection.CfsSubsetEval -s "weka.attributeSelection.BestFirst -D 1 -N 5" -P 1 -E 1
2024-06-21 11:37:11 weka.gui.explorer.AttributeSelectionPanel$10 run
INFO: Filter command: weka.filters.supervised.attribute.AttributeSelection -E "weka.attributeSelection.CfsSubsetEval -P 1 -E 1" -S "weka.attributeSelection.BestFirst -D 1 -N 5"
2024-06-21 11:37:11 weka.gui.explorer.AttributeSelectionPanel$10 run
INFO: Meta-classifier command: weka.classifiers.meta.AttributeSelectedClassifier -E "weka.attributeSelection.CfsSubsetEval -P 1 -E 1" -S "weka.attributeSelection.BestFirst -D 1 -N 5" -W weka.classifiers.trees.J48 -- -C 0.25 -M 2
2024-06-21 11:37:11 weka.gui.explorer.AttributeSelectionPanel$10 run
INFO: Finished weka.attributeSelection.CfsSubsetEval weka.attributeSelection.BestFirst
2024-06-21 11:37:50 weka.gui.explorer.AttributeSelectionPanel$10 run
INFO: Started weka.attributeSelection.CfsSubsetEval
2024-06-21 11:37:50 weka.gui.explorer.AttributeSelectionPanel$10 run
INFO: Command: weka.attributeSelection.CfsSubsetEval -s "weka.attributeSelection.BestFirst -D 1 -N 5" -P 1 -E 1
2024-06-21 11:37:50 weka.gui.explorer.AttributeSelectionPanel$10 run
INFO: Filter command: weka.filters.supervised.attribute.AttributeSelection -E "weka.attributeSelection.CfsSubsetEval -P 1 -E 1" -S "weka.attributeSelection.BestFirst -D 1 -N 5"
2024-06-21 11:37:50 weka.gui.explorer.AttributeSelectionPanel$10 run
INFO: Meta-classifier command: weka.classifiers.meta.AttributeSelectedClassifier -E "weka.attributeSelection.CfsSubsetEval -P 1 -E 1" -S "weka.attributeSelection.BestFirst -D 1 -N 5" -W weka.classifiers.trees.J48 -- -C 0.25 -M 2
2024-06-21 11:37:50 weka.gui.explorer.AttributeSelectionPanel$10 run
INFO: Finished weka.attributeSelection.CfsSubsetEval weka.attributeSelection.BestFirst
2024-06-21 11:39:15 weka.gui.explorer.PreprocessPanel$21 run
INFO: Base relation is now labor-neg-data (57 instances)
2024-06-21 11:39:31 weka.gui.explorer.AttributeSelectionPanel$10 run
INFO: Started weka.attributeSelection.CfsSubsetEval
2024-06-21 11:39:31 weka.gui.explorer.AttributeSelectionPanel$10 run
INFO: Command: weka.attributeSelection.CfsSubsetEval -s "weka.attributeSelection.BestFirst -D 1 -N 5" -P 1 -E 1
2024-06-21 11:39:31 weka.gui.explorer.AttributeSelectionPanel$10 run
INFO: Filter command: weka.filters.supervised.attribute.AttributeSelection -E "weka.attributeSelection.CfsSubsetEval -P 1 -E 1" -S "weka.attributeSelection.BestFirst -D 1 -N 5"
2024-06-21 11:39:31 weka.gui.explorer.AttributeSelectionPanel$10 run
INFO: Meta-classifier command: weka.classifiers.meta.AttributeSelectedClassifier -E "weka.attributeSelection.CfsSubsetEval -P 1 -E 1" -S "weka.attributeSelection.BestFirst -D 1 -N 5" -W weka.classifiers.trees.J48 -- -C 0.25 -M 2
2024-06-21 11:39:31 weka.gui.explorer.AttributeSelectionPanel$10 run
INFO: Finished weka.attributeSelection.CfsSubsetEval weka.attributeSelection.BestFirst
2024-06-21 11:40:42 weka.gui.explorer.AttributeSelectionPanel$10 run
INFO: Started weka.attributeSelection.InfoGainAttributeEval
2024-06-21 11:40:42 weka.gui.explorer.AttributeSelectionPanel$10 run
INFO: Command: weka.attributeSelection.InfoGainAttributeEval -s "weka.attributeSelection.Ranker -T -1.7976931348623157E308 -N -1"
2024-06-21 11:40:42 weka.gui.explorer.AttributeSelectionPanel$10 run
INFO: Filter command: weka.filters.supervised.attribute.AttributeSelection -E "weka.attributeSelection.InfoGainAttributeEval " -S "weka.attributeSelection.Ranker -T -1.7976931348623157E308 -N -1"
2024-06-21 11:40:42 weka.gui.explorer.AttributeSelectionPanel$10 run
INFO: Meta-classifier command: weka.classifiers.meta.AttributeSelectedClassifier -E "weka.attributeSelection.InfoGainAttributeEval " -S "weka.attributeSelection.Ranker -T -1.7976931348623157E308 -N -1" -W weka.classifiers.trees.J48 -- -C 0.25 -M 2
2024-06-21 11:40:42 weka.gui.explorer.AttributeSelectionPanel$10 run
INFO: Finished weka.attributeSelection.InfoGainAttributeEval weka.attributeSelection.Ranker
